AppGroup/PrizeMusic/PrizeMusic_v6.3/PrizeMusic/proguard.cfg
-optimizationpasses 5                                                      
-dontusemixedcaseclassnames                                                   
-dontskipnonpubliclibraryclasses                                                
-dontpreverify                                                                
-verbose                                                                      
-optimizations !code/simplification/arithmetic,!field/*,!class/merging/*  
# To enable ProGuard in your project, edit project.properties
# to define the proguard.config property as described in that file.
#
# Add project specific ProGuard rules here.
# By default, the flags in this file are appended to flags specified
# in ${sdk.dir}/tools/proguard/proguard-android.txt
# You can edit the include path and order by changing the ProGuard
# include property in project.properties.
#
# For more details, see
#   http://developer.android.com/guide/developing/tools/proguard.html

# Add any project specific keep options here:

# If your project uses WebView with JS, uncomment the following
# and specify the fully qualified class name to the JavaScript interface
# class:
#-keepclassmembers class fqcn.of.javascript.interface.for.webview {
#   public *;
#}

##---------------开始：自己配置的 ----------
# 保持四大组件不被混淆
-keep public class * extends android.app.Activity
-keep public class * extends android.app.Service
-keep public class * extends android.content.BroadcastReceiver
-keep public class * extends android.content.ContentProvider

# 保持自定义控件类不被混淆
-keepclasseswithmembers class * {                                            
    public <init>(android.content.Context, android.util.AttributeSet);
}
# 保持 Parcelable 不被混淆
-keep class * implements android.os.Parcelable {                                
  public static final android.os.Parcelable$Creator *;
}

# 保持 native 方法不被混淆
-keepclasseswithmembernames class * {                                        
    native <methods>;
}

-keep class com.mediatek.** {*;}
-keep class android.support.** {*;}
-keep class com.androidquery.** {*;}
-keep class com.mobeta.android.dslv.** {*;}
-keep class com.sothree.slidinguppanel.** {*;}

-dontwarn android.support.**
-dontwarn com.androidquery.**
-dontwarn com.sothree.slidinguppanel.**
-dontwarn com.mobeta.android.dslv.**
-dontwarn com.mediatek.**