AppGroup/PrizeMusic/PrizeMusic_v6.3/PrizeMusic/proguard/seeds.txt
com.prize.music.MusicFloatView
com.prize.music.MusicFloatView: MusicFloatView(android.content.Context,android.util.AttributeSet)
com.prize.music.MusicFloatView: void setParams(android.view.WindowManager$LayoutParams)
com.prize.music.MusicFloatView: int getStatusBarHeight()
com.prize.music.MusicFloatWindowBroadcastReceiver
com.prize.music.MusicFloatWindowBroadcastReceiver: MusicFloatWindowBroadcastReceiver()
com.prize.music.R$anim: int in_from_left
com.prize.music.R$anim: int in_from_right
com.prize.music.R$anim: int out_to_left
com.prize.music.R$anim: int out_to_right
com.prize.music.R$anim: int peak_meter_1
com.prize.music.R$anim: int peak_meter_black_2
com.prize.music.R$anim: int peak_meter_white_2
com.prize.music.R$anim: int pophidden_anim
com.prize.music.R$anim: int pophidden_anim1
com.prize.music.R$anim: int popshow_anim
com.prize.music.R$anim: int popshow_anim1
com.prize.music.R$array: int tab_titles
com.prize.music.R$array: int visualization_types
com.prize.music.R$array: int widget_style_types
com.prize.music.R$color: int actionbar_text
com.prize.music.R$color: int app_background_color
com.prize.music.R$color: int app_background_separator
com.prize.music.R$color: int background_grey
com.prize.music.R$color: int black
com.prize.music.R$color: int edittext_hint
com.prize.music.R$color: int gray_black
com.prize.music.R$color: int half_transp
com.prize.music.R$color: int half_transp2
com.prize.music.R$color: int holo_blue_dark
com.prize.music.R$color: int listview_item_bg_color
com.prize.music.R$color: int lyric_background
com.prize.music.R$color: int queue_callout_line
com.prize.music.R$color: int selected_tabtext
com.prize.music.R$color: int shuffle_grey
com.prize.music.R$color: int statusbar_color
com.prize.music.R$color: int tab_text_color
com.prize.music.R$color: int text_color_gray
com.prize.music.R$color: int transparent
com.prize.music.R$color: int transparent_black
com.prize.music.R$color: int unselected_tabtext
com.prize.music.R$color: int white
com.prize.music.R$dimen: int MusicLibraryFragment_margin_top
com.prize.music.R$dimen: int ScrollableTabView_margin_top
com.prize.music.R$dimen: int all_music_margintop
com.prize.music.R$dimen: int animal_height
com.prize.music.R$dimen: int artist_tab_h
com.prize.music.R$dimen: int audio_control_margintop
com.prize.music.R$dimen: int audio_control_margintop2
com.prize.music.R$dimen: int audio_control_margintop3
com.prize.music.R$dimen: int audio_player_artwork_padding
com.prize.music.R$dimen: int audio_player_button_container_padding
com.prize.music.R$dimen: int audio_player_controls_height
com.prize.music.R$dimen: int audio_player_info_container_padding
com.prize.music.R$dimen: int audio_player_seek_bar_padding
com.prize.music.R$dimen: int bottom_action_bar_album_art_width_height
com.prize.music.R$dimen: int bottom_action_bar_divider_height
com.prize.music.R$dimen: int bottom_action_bar_height
com.prize.music.R$dimen: int bottom_action_bar_info_padding_left
com.prize.music.R$dimen: int bottom_action_bar_item_padding_left_right
com.prize.music.R$dimen: int bottom_action_bar_item_width
com.prize.music.R$dimen: int bottom_action_bar_padding_left
com.prize.music.R$dimen: int colorstrip_height
com.prize.music.R$dimen: int dialog_bottomlinearlayout_margintop
com.prize.music.R$dimen: int dialog_editext_margintop
com.prize.music.R$dimen: int dialog_secondline_marginleft
com.prize.music.R$dimen: int dialog_secondline_marginright
...
android.support.v4.widget.SearchViewCompat$SearchViewCompatHoneycombImpl
android.support.v4.widget.SearchViewCompat$SearchViewCompatHoneycombImpl: SearchViewCompat$SearchViewCompatHoneycombImpl()
android.support.v4.widget.SearchViewCompat$SearchViewCompatHoneycombImpl: android.view.View newSearchView(android.content.Context)
android.support.v4.widget.SearchViewCompat$SearchViewCompatHoneycombImpl: void setSearchableInfo(android.view.View,android.content.ComponentName)
android.support.v4.widget.SearchViewCompat$SearchViewCompatHoneycombImpl: java.lang.Object newOnQueryTextListener(android.support.v4.widget.SearchViewCompat$OnQueryTextListenerCompat)
android.support.v4.widget.SearchViewCompat$SearchViewCompatHoneycombImpl: void setOnQueryTextListener(java.lang.Object,java.lang.Object)
android.support.v4.widget.SearchViewCompat$SearchViewCompatHoneycombImpl: java.lang.Object newOnCloseListener(android.support.v4.widget.SearchViewCompat$OnCloseListenerCompat)
android.support.v4.widget.SearchViewCompat$SearchViewCompatHoneycombImpl: void setOnCloseListener(java.lang.Object,java.lang.Object)
android.support.v4.widget.SearchViewCompat$SearchViewCompatHoneycombImpl: java.lang.CharSequence getQuery(android.view.View)
android.support.v4.widget.SearchViewCompat$SearchViewCompatHoneycombImpl: void setQuery(android.view.View,java.lang.CharSequence,boolean)
android.support.v4.widget.SearchViewCompat$SearchViewCompatHoneycombImpl: void setQueryHint(android.view.View,java.lang.CharSequence)
android.support.v4.widget.SearchViewCompat$SearchViewCompatHoneycombImpl$1
android.support.v4.widget.SearchViewCompat$SearchViewCompatHoneycombImpl$1: android.support.v4.widget.SearchViewCompat$OnQueryTextListenerCompat val$listener
android.support.v4.widget.SearchViewCompat$SearchViewCompatHoneycombImpl$1: android.support.v4.widget.SearchViewCompat$SearchViewCompatHoneycombImpl this$0
android.support.v4.widget.SearchViewCompat$SearchViewCompatHoneycombImpl$1: SearchViewCompat$SearchViewCompatHoneycombImpl$1(android.support.v4.widget.SearchViewCompat$SearchViewCompatHoneycombImpl,android.support.v4.widget.SearchViewCompat$OnQueryTextListenerCompat)
android.support.v4.widget.SearchViewCompat$SearchViewCompatHoneycombImpl$1: boolean onQueryTextSubmit(java.lang.String)
android.support.v4.widget.SearchViewCompat$SearchViewCompatHoneycombImpl$1: boolean onQueryTextChange(java.lang.String)
android.support.v4.widget.SearchViewCompat$SearchViewCompatHoneycombImpl$2
android.support.v4.widget.SearchViewCompat$SearchViewCompatHoneycombImpl$2: android.support.v4.widget.SearchViewCompat$OnCloseListenerCompat val$listener
android.support.v4.widget.SearchViewCompat$SearchViewCompatHoneycombImpl$2: android.support.v4.widget.SearchViewCompat$SearchViewCompatHoneycombImpl this$0
android.support.v4.widget.SearchViewCompat$SearchViewCompatHoneycombImpl$2: SearchViewCompat$SearchViewCompatHoneycombImpl$2(android.support.v4.widget.SearchViewCompat$SearchViewCompatHoneycombImpl,android.support.v4.widget.SearchViewCompat$OnCloseListenerCompat)
android.support.v4.widget.SearchViewCompat$SearchViewCompatHoneycombImpl$2: boolean onClose()
android.support.v4.widget.SearchViewCompat$SearchViewCompatIcsImpl
android.support.v4.widget.SearchViewCompat$SearchViewCompatIcsImpl: SearchViewCompat$SearchViewCompatIcsImpl()
android.support.v4.widget.SearchViewCompat$SearchViewCompatIcsImpl: android.view.View newSearchView(android.content.Context)
android.support.v4.widget.SearchViewCompat$SearchViewCompatIcsImpl: void setImeOptions(android.view.View,int)
android.support.v4.widget.SearchViewCompat$SearchViewCompatIcsImpl: void setInputType(android.view.View,int)