AppGroup/PrizeMusic/PrizeMusic_v6.3/PrizeMusic/proguard/mapping.txt
com.prize.music.Constants -> com.prize.music.a:
    java.lang.String[] GENRES_DB -> a
    java.lang.String LYRIC_SAVE_PATH -> b
com.prize.music.IApolloService -> com.prize.music.b:
    void openFile(java.lang.String) -> a
    void open(long[],int) -> a
    long getIdFromPath(java.lang.String) -> b
    int getQueuePosition() -> a
    boolean isPlaying() -> b
    void stop() -> c
    void pause() -> d
    void play() -> e
    void prev() -> f
    void next() -> g
    long duration() -> h
    long position() -> i
    long seek(long) -> a
    java.lang.String getTrackName() -> j
    java.lang.String getAlbumName() -> k
    long getAlbumId() -> l
    android.graphics.Bitmap getAlbumBitmap() -> m
    java.lang.String getArtistName() -> n
    long getArtistId() -> o
    void enqueue(long[],int) -> b
    long[] getQueue() -> p
    void setQueuePosition(int) -> a
    java.lang.String getPath() -> q
    long getAudioId() -> r
    void setShuffleMode(int) -> b
    void notifyChange(java.lang.String) -> c
    int getShuffleMode() -> s
    int removeTracks(int,int) -> a
    void moveQueueItem(int,int) -> b
    int removeTrack(long) -> b
    void setRepeatMode(int) -> c
    int getRepeatMode() -> t
    int getMediaMountedCount() -> u
    int getAudioSessionId() -> v
    void addToFavorites(long) -> c
    void removeFromFavorites(long) -> d
    boolean isFavorite(long) -> e
    boolean toggleFavorite() -> w
com.prize.music.IApolloService$Stub -> com.prize.music.c:
    com.prize.music.IApolloService asInterface(android.os.IBinder) -> a
    android.os.IBinder asBinder() -> asBinder
    boolean onTransact(int,android.os.Parcel,android.os.Parcel,int) -> onTransact
com.prize.music.IApolloService$Stub$Proxy -> com.prize.music.d:
    android.os.IBinder mRemote -> a
    android.os.IBinder asBinder() -> asBinder
    void openFile(java.lang.String) -> a
    void open(long[],int) -> a
    long getIdFromPath(java.lang.String) -> b
    int getQueuePosition() -> a
    boolean isPlaying() -> b
    void stop() -> c
    void pause() -> d
    void play() -> e
    void prev() -> f
    void next() -> g
    long duration() -> h
    long position() -> i
    long seek(long) -> a
    java.lang.String getTrackName() -> j
    java.lang.String getAlbumName() -> k
    long getAlbumId() -> l
    android.graphics.Bitmap getAlbumBitmap() -> m
    java.lang.String getArtistName() -> n
    long getArtistId() -> o
    void enqueue(long[],int) -> b
    long[] getQueue() -> p
    void setQueuePosition(int) -> a
    java.lang.String getPath() -> q
    long getAudioId() -> r
    void setShuffleMode(int) -> b
    void notifyChange(java.lang.String) -> c
    int getShuffleMode() -> s
    int removeTracks(int,int) -> a
    void moveQueueItem(int,int) -> b
    int removeTrack(long) -> b
    void setRepeatMode(int) -> c
    int getRepeatMode() -> t
    int getMediaMountedCount() -> u
    int getAudioSessionId() -> v
    void addToFavorites(long) -> c
    void removeFromFavorites(long) -> d
    boolean isFavorite(long) -> e
    boolean toggleFavorite() -> w
com.prize.music.IfragToActivityLister -> com.prize.music.e:
    void countNum(int) -> a
    void processAction(java.lang.String) -> a
...
android.support.v4.view.AccessibilityDelegateCompatJellyBean$AccessibilityDelegateBridgeJellyBean -> android.support.v4.view.AccessibilityDelegateCompatJellyBean$AccessibilityDelegateBridgeJellyBean:
    boolean dispatchPopulateAccessibilityEvent(android.view.View,android.view.accessibility.AccessibilityEvent) -> dispatchPopulateAccessibilityEvent
    void onInitializeAccessibilityEvent(android.view.View,android.view.accessibility.AccessibilityEvent) -> onInitializeAccessibilityEvent
    void onInitializeAccessibilityNodeInfo(android.view.View,java.lang.Object) -> onInitializeAccessibilityNodeInfo
    void onPopulateAccessibilityEvent(android.view.View,android.view.accessibility.AccessibilityEvent) -> onPopulateAccessibilityEvent
    boolean onRequestSendAccessibilityEvent(android.view.ViewGroup,android.view.View,android.view.accessibility.AccessibilityEvent) -> onRequestSendAccessibilityEvent
    void sendAccessibilityEvent(android.view.View,int) -> sendAccessibilityEvent
    void sendAccessibilityEventUnchecked(android.view.View,android.view.accessibility.AccessibilityEvent) -> sendAccessibilityEventUnchecked
    java.lang.Object getAccessibilityNodeProvider(android.view.View) -> getAccessibilityNodeProvider
    boolean performAccessibilityAction(android.view.View,int,android.os.Bundle) -> performAccessibilityAction
android.support.v4.view.ActionProvider -> android.support.v4.view.ActionProvider:
    java.lang.String TAG -> TAG
    android.content.Context mContext -> mContext
    android.support.v4.view.ActionProvider$SubUiVisibilityListener mSubUiVisibilityListener -> mSubUiVisibilityListener
    android.support.v4.view.ActionProvider$VisibilityListener mVisibilityListener -> mVisibilityListener
    android.content.Context getContext() -> getContext
    android.view.View onCreateActionView() -> onCreateActionView
    android.view.View onCreateActionView(android.view.MenuItem) -> onCreateActionView
    boolean overridesItemVisibility() -> overridesItemVisibility
    boolean isVisible() -> isVisible
    void refreshVisibility() -> refreshVisibility
    boolean onPerformDefaultAction() -> onPerformDefaultAction
    boolean hasSubMenu() -> hasSubMenu
    void onPrepareSubMenu(android.view.SubMenu) -> onPrepareSubMenu
    void subUiVisibilityChanged(boolean) -> subUiVisibilityChanged
    void setSubUiVisibilityListener(android.support.v4.view.ActionProvider$SubUiVisibilityListener) -> setSubUiVisibilityListener
    void setVisibilityListener(android.support.v4.view.ActionProvider$VisibilityListener) -> setVisibilityListener
android.support.v4.view.ActionProvider$SubUiVisibilityListener -> android.support.v4.view.ActionProvider$SubUiVisibilityListener:
    void onSubUiVisibilityChanged(boolean) -> onSubUiVisibilityChanged
android.support.v4.view.ActionProvider$VisibilityListener -> android.support.v4.view.ActionProvider$VisibilityListener:
    void onActionProviderVisibilityChanged(boolean) -> onActionProviderVisibilityChanged
android.support.v4.view.GestureDetectorCompat -> android.support.v4.view.GestureDetectorCompat:
    android.support.v4.view.GestureDetectorCompat$GestureDetectorCompatImpl mImpl -> mImpl
    boolean isLongpressEnabled() -> isLongpressEnabled
    boolean onTouchEvent(android.view.MotionEvent) -> onTouchEvent
    void setIsLongpressEnabled(boolean) -> setIsLongpressEnabled
    void setOnDoubleTapListener(android.view.GestureDetector$OnDoubleTapListener) -> setOnDoubleTapListener
android.support.v4.view.GestureDetectorCompat$GestureDetectorCompatImpl -> android.support.v4.view.GestureDetectorCompat$GestureDetectorCompatImpl:
    boolean isLongpressEnabled() -> isLongpressEnabled
    boolean onTouchEvent(android.view.MotionEvent) -> onTouchEvent
    void setIsLongpressEnabled(boolean) -> setIsLongpressEnabled
    void setOnDoubleTapListener(android.view.GestureDetector$OnDoubleTapListener) -> setOnDoubleTapListener