AppGroup/PrizeMusic/PrizeMusic_v6.3/PrizeMusic/proguard/usage.txt
com.prize.music.BuildConfig
com.prize.music.Constants:
    public static final java.lang.String ACTION_FR_2_FR_SURE
    public static final java.lang.String ACTION_CANCEL_FR_TO_FR
    public static final java.lang.String ACTION_CANCE
    public static final java.lang.String ACTION_SORT
    public static final java.lang.String ACTION_BELL
    public static final java.lang.String ACTION_DELETE
    public static final java.lang.String ACTION_ADD
    public static final java.lang.String LASTFM_API_KEY
    public static final java.lang.String APOLLO
    public static final java.lang.String APOLLO_PREFERENCES
    public static final java.lang.String ARTIST_KEY
    public static final java.lang.String ALBUM_KEY
    public static final java.lang.String ALBUM_ID_KEY
    public static final java.lang.String NUMALBUMS
    public static final java.lang.String GENRE_KEY
    public static final java.lang.String ARTIST_ID
    public static final java.lang.String NUMWEEKS
    public static final java.lang.String BUILD_DEPENDS
    public static final java.lang.String PLAYLIST_NAME_FAVORITES
    public static final java.lang.String PLAYLIST_NAME
    public static final java.lang.String WIDGET_STYLE
    public static final java.lang.String VISUALIZATION_TYPE
    public static final java.lang.String DELETE_CACHE
    public static final java.lang.String BUILD_VERSION
    public static final java.lang.String UP_STARTS_ALBUM_ACTIVITY
    public static final java.lang.String TABS_ENABLED
com.prize.music.IApolloService$Stub:
    private static final java.lang.String DESCRIPTOR
    static final int TRANSACTION_openFile
    static final int TRANSACTION_open
    static final int TRANSACTION_getIdFromPath
    static final int TRANSACTION_getQueuePosition
    static final int TRANSACTION_isPlaying
    static final int TRANSACTION_stop
    static final int TRANSACTION_pause
    static final int TRANSACTION_play
    static final int TRANSACTION_prev
    static final int TRANSACTION_next
    static final int TRANSACTION_duration
    static final int TRANSACTION_position
    static final int TRANSACTION_seek
    static final int TRANSACTION_getTrackName
    static final int TRANSACTION_getAlbumName
    static final int TRANSACTION_getAlbumId
    static final int TRANSACTION_getAlbumBitmap
    static final int TRANSACTION_getArtistName
    static final int TRANSACTION_getArtistId
    static final int TRANSACTION_enqueue
    static final int TRANSACTION_getQueue
    static final int TRANSACTION_setQueuePosition
    static final int TRANSACTION_getPath
    static final int TRANSACTION_getAudioId
    static final int TRANSACTION_setShuffleMode
    static final int TRANSACTION_notifyChange
    static final int TRANSACTION_getShuffleMode
    static final int TRANSACTION_removeTracks
    static final int TRANSACTION_moveQueueItem
    static final int TRANSACTION_removeTrack
    static final int TRANSACTION_setRepeatMode
    static final int TRANSACTION_getRepeatMode
com.prize.music.IApolloService$Stub$Proxy:
    394:394:public java.lang.String getInterfaceDescriptor()
com.prize.music.MusicFloatView:
    private android.widget.LinearLayout mTrackNameFl
    private android.widget.LinearLayout mOperationFl
    public static final java.lang.String ACTION_FLOAT_TO_LIST
    private static final java.lang.String TAG
    private static final java.lang.String PLAY_TEST
    private static final java.lang.String NEXT_TEST
    private static final java.lang.String PREV_TEST
    private static final int REFRESH
    private static final int NEXT_BUTTON
    private static final int PREV_BUTTON
com.prize.music.MusicFloatWindowBroadcastReceiver:
    private static final java.lang.String ACTION_MUSIC
    private static final java.lang.String ACTION_SERVICE